<?xml version="1.0" encoding="UTF-8"?>
<!-- Generated by org.testng.reporters.JUnitXMLReporter -->
<testsuite hostname="Admin-PC" ignored="0" name="SmokeTest" tests="3" failures="0" timestamp="06 Aug 2019 07:54:31 GMT" time="38.661" errors="0">
  <testcase name="verifyLogOff" time="2.549" classname="com.testcases.TestHomePage"/>
  <testcase name="verifyGetTitle" time="0.329" classname="com.testcases.TestLoginPage"/>
  <testcase name="verifyLoginAdmin" time="2.782" classname="com.testcases.TestLoginPage"/>
</testsuite> <!-- SmokeTest -->
