<?xml version="1.0" encoding="UTF-8"?>
<testng-results skipped="0" failed="0" ignored="0" total="3" passed="3">
  <reporter-output>
  </reporter-output>
  <suite name="SmokeSuite" duration-ms="27516" started-at="2019-08-06T08:37:27Z" finished-at="2019-08-06T08:37:55Z">
    <groups>
    </groups>
    <test name="LoginPageTest" duration-ms="14513" started-at="2019-08-06T08:37:27Z" finished-at="2019-08-06T08:37:42Z">
      <class name="com.testcases.TestLoginPage">
        <test-method status="PASS" signature="setUp()[pri:0, instance:com.testcases.TestLoginPage@32709393]" name="setUp" is-config="true" duration-ms="11650" started-at="2019-08-06T08:37:27Z" finished-at="2019-08-06T08:37:39Z">
          <reporter-output>
          </reporter-output>
        </test-method> <!-- setUp -->
        <test-method status="PASS" signature="verifyGetTitle()[pri:1, instance:com.testcases.TestLoginPage@32709393]" name="verifyGetTitle" duration-ms="348" started-at="2019-08-06T08:37:39Z" finished-at="2019-08-06T08:37:39Z">
          <reporter-output>
          </reporter-output>
        </test-method> <!-- verifyGetTitle -->
        <test-method status="PASS" signature="verifyLoginAdmin()[pri:2, instance:com.testcases.TestLoginPage@32709393]" name="verifyLoginAdmin" duration-ms="2312" started-at="2019-08-06T08:37:39Z" finished-at="2019-08-06T08:37:42Z">
          <reporter-output>
          </reporter-output>
        </test-method> <!-- verifyLoginAdmin -->
        <test-method status="PASS" signature="tearDown()[pri:0, instance:com.testcases.TestLoginPage@32709393]" name="tearDown" is-config="true" duration-ms="174" started-at="2019-08-06T08:37:42Z" finished-at="2019-08-06T08:37:42Z">
          <reporter-output>
          </reporter-output>
        </test-method> <!-- tearDown -->
      </class> <!-- com.testcases.TestLoginPage -->
    </test> <!-- LoginPageTest -->
    <test name="HomePageTest" duration-ms="12989" started-at="2019-08-06T08:37:42Z" finished-at="2019-08-06T08:37:55Z">
      <class name="com.testcases.TestHomePage">
        <test-method status="PASS" signature="setUp()[pri:0, instance:com.testcases.TestHomePage@51cdd8a]" name="setUp" is-config="true" duration-ms="10271" started-at="2019-08-06T08:37:42Z" finished-at="2019-08-06T08:37:52Z">
          <reporter-output>
          </reporter-output>
        </test-method> <!-- setUp -->
        <test-method status="PASS" signature="verifyLogOff()[pri:1, instance:com.testcases.TestHomePage@51cdd8a]" name="verifyLogOff" duration-ms="2600" started-at="2019-08-06T08:37:52Z" finished-at="2019-08-06T08:37:55Z">
          <reporter-output>
          </reporter-output>
        </test-method> <!-- verifyLogOff -->
        <test-method status="PASS" signature="tearDown()[pri:0, instance:com.testcases.TestHomePage@51cdd8a]" name="tearDown" is-config="true" duration-ms="114" started-at="2019-08-06T08:37:55Z" finished-at="2019-08-06T08:37:55Z">
          <reporter-output>
          </reporter-output>
        </test-method> <!-- tearDown -->
      </class> <!-- com.testcases.TestHomePage -->
    </test> <!-- HomePageTest -->
  </suite> <!-- SmokeSuite -->
</testng-results>
